******2022-08-03 22:25:42,943 - test - base_page.py,line 68 - INFO: 查找元素 by：id,locator:kw
******2022-08-03 22:25:47,006 - test - base_page.py,line 87 - INFO: 输入 key： ${key}
******2022-08-03 22:25:47,125 - test - base_page.py,line 68 - INFO: 查找元素 by：id,locator:su
******2022-08-03 22:25:47,141 - test - base_page.py,line 79 - INFO: 点击元素
******2022-08-03 22:25:49,240 - test - base_page.py,line 114 - INFO: 查找全部相关元素 by：xpath locator://h3/a/em 第None个
******2022-08-03 22:25:49,266 - test - base_page.py,line 131 - INFO: 获取元素的文本属性列表
******2022-08-03 22:28:33,879 - test - base_page.py,line 68 - INFO: 查找元素 by：id,locator:kw
******2022-08-03 22:28:33,897 - test - base_page.py,line 87 - INFO: 输入 key： ${key}
******2022-08-03 22:28:34,013 - test - base_page.py,line 68 - INFO: 查找元素 by：id,locator:su
******2022-08-03 22:28:34,166 - test - base_page.py,line 79 - INFO: 点击元素
******2022-08-03 22:28:36,406 - test - base_page.py,line 114 - INFO: 查找全部相关元素 by：xpath locator://h3/a/em 第None个
******2022-08-03 22:28:36,419 - test - base_page.py,line 131 - INFO: 获取元素的文本属性列表
******2022-08-03 22:29:47,581 - test - base_page.py,line 68 - INFO: 查找元素 by：id,locator:kw
******2022-08-03 22:29:47,606 - test - base_page.py,line 87 - INFO: 输入 key： selenium
******2022-08-03 22:29:47,844 - test - base_page.py,line 68 - INFO: 查找元素 by：id,locator:su
******2022-08-03 22:29:47,869 - test - base_page.py,line 79 - INFO: 点击元素
******2022-08-03 22:29:50,024 - test - base_page.py,line 114 - INFO: 查找全部相关元素 by：xpath locator://h3/a/em 第None个
******2022-08-03 22:29:50,236 - test - base_page.py,line 131 - INFO: 获取元素的文本属性列表
******2022-08-03 22:29:52,461 - test - base_page.py,line 68 - INFO: 查找元素 by：id,locator:kw
******2022-08-03 22:29:55,473 - test - handle_exception.py,line 39 - ERROR: 元素查找失败 by：id,locator：kw 进行错误处理 当前处理次数：1
******2022-08-03 22:29:55,474 - test - base_page.py,line 114 - INFO: 查找全部相关元素 by：('xpath', "//*[@resource-id='iv_close']") locator:None 第None个
******2022-08-03 22:29:58,499 - test - base_page.py,line 114 - INFO: 查找全部相关元素 by：('xpath', "//*[text='下一步']") locator:None 第None个
******2022-08-03 22:30:01,534 - test - base_page.py,line 114 - INFO: 查找全部相关元素 by：('xpath', "//*[text='等待']") locator:None 第None个
******2022-08-03 22:30:04,576 - test - base_page.py,line 114 - INFO: 查找全部相关元素 by：('xpath', "//*[text='取消']") locator:None 第None个
******2022-08-03 22:30:07,618 - test - base_page.py,line 114 - INFO: 查找全部相关元素 by：('xpath', "//*[text='等待']") locator:None 第None个
******2022-08-03 22:30:10,641 - test - base_page.py,line 114 - INFO: 查找全部相关元素 by：('xpath', "//*[text='我知道了']") locator:None 第None个
******2022-08-03 22:30:13,648 - test - base_page.py,line 179 - INFO: 进行截图 name：2022-08-03 22:30:13 png_dir：./image
******2022-08-03 22:49:18,962 - test - base_page.py,line 68 - INFO: 查找元素 by：id,locator:kw
******2022-08-03 22:49:21,984 - test - handle_exception.py,line 39 - ERROR: 元素查找失败 by：id,locator：kw 进行错误处理 当前处理次数：1
******2022-08-03 22:49:21,984 - test - base_page.py,line 114 - INFO: 查找全部相关元素 by：('xpath', "//*[@resource-id='iv_close']") locator:None 第None个
******2022-08-03 22:49:25,006 - test - base_page.py,line 114 - INFO: 查找全部相关元素 by：('xpath', "//*[text='下一步']") locator:None 第None个
******2022-08-03 22:49:28,016 - test - base_page.py,line 114 - INFO: 查找全部相关元素 by：('xpath', "//*[text='等待']") locator:None 第None个
******2022-08-03 22:49:31,049 - test - base_page.py,line 114 - INFO: 查找全部相关元素 by：('xpath', "//*[text='取消']") locator:None 第None个
******2022-08-03 22:49:34,094 - test - base_page.py,line 114 - INFO: 查找全部相关元素 by：('xpath', "//*[text='等待']") locator:None 第None个
******2022-08-03 22:49:37,152 - test - base_page.py,line 114 - INFO: 查找全部相关元素 by：('xpath', "//*[text='我知道了']") locator:None 第None个
******2022-08-03 22:49:40,169 - test - base_page.py,line 179 - INFO: 进行截图 name：2022-08-03 22:49:40 png_dir：./image
******2022-08-03 22:50:29,633 - test - base_page.py,line 68 - INFO: 查找元素 by：id,locator:kw
******2022-08-03 22:50:32,658 - test - handle_exception.py,line 39 - ERROR: 元素查找失败 by：id,locator：kw 进行错误处理 当前处理次数：1
******2022-08-03 22:50:32,658 - test - base_page.py,line 114 - INFO: 查找全部相关元素 by：('xpath', "//*[@resource-id='iv_close']") locator:None 第None个
******2022-08-03 22:50:35,686 - test - base_page.py,line 114 - INFO: 查找全部相关元素 by：('xpath', "//*[text='下一步']") locator:None 第None个
******2022-08-03 22:50:38,696 - test - base_page.py,line 114 - INFO: 查找全部相关元素 by：('xpath', "//*[text='等待']") locator:None 第None个
******2022-08-03 22:54:07,532 - test - base_page.py,line 68 - INFO: 查找元素 by：id,locator:kw
******2022-08-03 22:54:10,575 - test - handle_exception.py,line 39 - ERROR: 元素查找失败 by：id,locator：kw 进行错误处理 当前处理次数：1
******2022-08-03 22:54:10,575 - test - base_page.py,line 114 - INFO: 查找全部相关元素 by：('xpath', "//*[@resource-id='iv_close']") locator:None 第None个
******2022-08-03 22:54:13,606 - test - base_page.py,line 114 - INFO: 查找全部相关元素 by：('xpath', "//*[text='下一步']") locator:None 第None个
******2022-08-03 22:54:16,640 - test - base_page.py,line 114 - INFO: 查找全部相关元素 by：('xpath', "//*[text='等待']") locator:None 第None个
******2022-08-03 22:54:19,657 - test - base_page.py,line 114 - INFO: 查找全部相关元素 by：('xpath', "//*[text='取消']") locator:None 第None个
******2022-08-03 22:54:22,713 - test - base_page.py,line 114 - INFO: 查找全部相关元素 by：('xpath', "//*[text='等待']") locator:None 第None个
******2022-08-03 22:54:25,728 - test - base_page.py,line 114 - INFO: 查找全部相关元素 by：('xpath', "//*[text='我知道了']") locator:None 第None个
******2022-08-03 22:54:30,787 - test - base_page.py,line 68 - INFO: 查找元素 by：id,locator:kw
******2022-08-03 22:54:33,809 - test - handle_exception.py,line 39 - ERROR: 元素查找失败 by：id,locator：kw 进行错误处理 当前处理次数：1
******2022-08-03 22:54:33,810 - test - base_page.py,line 114 - INFO: 查找全部相关元素 by：('xpath', "//*[@resource-id='iv_close']") locator:None 第None个
******2022-08-03 22:54:36,837 - test - base_page.py,line 114 - INFO: 查找全部相关元素 by：('xpath', "//*[text='下一步']") locator:None 第None个
******2022-08-03 22:56:19,521 - test - base_page.py,line 68 - INFO: 查找元素 by：id,locator:kw
******2022-08-03 22:56:19,534 - test - base_page.py,line 87 - INFO: 输入 key： selenium
******2022-08-03 22:56:19,852 - test - base_page.py,line 68 - INFO: 查找元素 by：id,locator:su
******2022-08-03 22:56:19,903 - test - base_page.py,line 79 - INFO: 点击元素
******2022-08-03 22:56:22,015 - test - base_page.py,line 114 - INFO: 查找全部相关元素 by：xpath locator://h3/a/em 第None个
******2022-08-03 22:56:22,028 - test - base_page.py,line 131 - INFO: 获取元素的文本属性列表
******2022-08-03 22:56:24,832 - test - base_page.py,line 68 - INFO: 查找元素 by：id,locator:kw
******2022-08-03 22:56:24,850 - test - base_page.py,line 87 - INFO: 输入 key： selenium
******2022-08-03 22:56:24,966 - test - base_page.py,line 68 - INFO: 查找元素 by：id,locator:su
******2022-08-03 22:56:24,978 - test - base_page.py,line 79 - INFO: 点击元素
******2022-08-03 22:56:27,066 - test - base_page.py,line 114 - INFO: 查找全部相关元素 by：xpath locator://h3/a/em 第None个
******2022-08-03 22:56:27,084 - test - base_page.py,line 131 - INFO: 获取元素的文本属性列表
******2022-08-03 22:56:59,834 - test - base_page.py,line 68 - INFO: 查找元素 by：id,locator:kw
******2022-08-03 22:56:59,847 - test - base_page.py,line 87 - INFO: 输入 key： selenium
******2022-08-03 22:57:00,135 - test - base_page.py,line 68 - INFO: 查找元素 by：id,locator:su
******2022-08-03 22:57:00,154 - test - base_page.py,line 79 - INFO: 点击元素
******2022-08-03 22:57:02,242 - test - base_page.py,line 114 - INFO: 查找全部相关元素 by：xpath locator://h3/a/em 第None个
******2022-08-03 22:57:02,851 - test - base_page.py,line 131 - INFO: 获取元素的文本属性列表
******2022-08-03 22:57:05,742 - test - base_page.py,line 68 - INFO: 查找元素 by：id,locator:kw
******2022-08-03 22:57:05,775 - test - base_page.py,line 87 - INFO: 输入 key： selenium
******2022-08-03 22:57:05,934 - test - base_page.py,line 68 - INFO: 查找元素 by：id,locator:su
******2022-08-03 22:57:05,948 - test - base_page.py,line 79 - INFO: 点击元素
******2022-08-03 22:57:08,235 - test - base_page.py,line 114 - INFO: 查找全部相关元素 by：xpath locator://h3/a/em 第None个
******2022-08-03 22:57:08,249 - test - base_page.py,line 131 - INFO: 获取元素的文本属性列表
******2022-08-03 23:03:36,535 - test - base_page.py,line 68 - INFO: 查找元素 by：id,locator:kw
******2022-08-03 23:03:36,560 - test - base_page.py,line 87 - INFO: 输入 key： selenium
******2022-08-03 23:03:36,705 - test - base_page.py,line 68 - INFO: 查找元素 by：id,locator:su
******2022-08-03 23:03:36,875 - test - base_page.py,line 79 - INFO: 点击元素
******2022-08-03 23:03:39,039 - test - base_page.py,line 114 - INFO: 查找全部相关元素 by：xpath locator://h3/a/em 第None个
******2022-08-03 23:03:39,267 - test - base_page.py,line 131 - INFO: 获取元素的文本属性列表
******2022-08-03 23:04:30,871 - test - base_page.py,line 68 - INFO: 查找元素 by：id,locator:kw
******2022-08-03 23:04:30,883 - test - base_page.py,line 87 - INFO: 输入 key： selenium
******2022-08-03 23:04:31,017 - test - base_page.py,line 68 - INFO: 查找元素 by：id,locator:su
******2022-08-03 23:04:31,202 - test - base_page.py,line 79 - INFO: 点击元素
******2022-08-03 23:04:33,363 - test - base_page.py,line 114 - INFO: 查找全部相关元素 by：xpath locator://h3/a/em 第None个
******2022-08-03 23:04:33,375 - test - base_page.py,line 131 - INFO: 获取元素的文本属性列表
******2022-08-03 23:04:36,471 - test - base_page.py,line 68 - INFO: 查找元素 by：id,locator:kw
******2022-08-03 23:04:36,487 - test - base_page.py,line 87 - INFO: 输入 key： appium
******2022-08-03 23:04:36,778 - test - base_page.py,line 68 - INFO: 查找元素 by：id,locator:su
******2022-08-03 23:04:36,793 - test - base_page.py,line 79 - INFO: 点击元素
******2022-08-03 23:04:38,875 - test - base_page.py,line 114 - INFO: 查找全部相关元素 by：xpath locator://h3/a/em 第None个
******2022-08-03 23:04:38,888 - test - base_page.py,line 131 - INFO: 获取元素的文本属性列表
******2022-08-03 23:07:26,927 - test - base_page.py,line 68 - INFO: 查找元素 by：id,locator:kw
******2022-08-03 23:07:26,949 - test - base_page.py,line 87 - INFO: 输入 key： selenium
******2022-08-03 23:07:27,175 - test - base_page.py,line 68 - INFO: 查找元素 by：id,locator:su
******2022-08-03 23:07:27,217 - test - base_page.py,line 79 - INFO: 点击元素
******2022-08-03 23:07:29,393 - test - base_page.py,line 114 - INFO: 查找全部相关元素 by：xpath locator://h3/a/em 第None个
******2022-08-03 23:07:29,406 - test - base_page.py,line 131 - INFO: 获取元素的文本属性列表
******2022-08-03 23:08:02,543 - test - base_page.py,line 68 - INFO: 查找元素 by：id,locator:kw
******2022-08-03 23:08:02,577 - test - base_page.py,line 87 - INFO: 输入 key： selenium
******2022-08-03 23:08:03,189 - test - base_page.py,line 68 - INFO: 查找元素 by：id,locator:su
******2022-08-03 23:08:03,212 - test - base_page.py,line 79 - INFO: 点击元素
******2022-08-03 23:08:05,282 - test - base_page.py,line 114 - INFO: 查找全部相关元素 by：xpath locator://h3/a/em 第None个
******2022-08-03 23:08:05,819 - test - base_page.py,line 131 - INFO: 获取元素的文本属性列表
******2022-08-03 23:08:13,714 - test - base_page.py,line 68 - INFO: 查找元素 by：id,locator:kw
******2022-08-03 23:08:13,727 - test - base_page.py,line 87 - INFO: 输入 key： selenium
******2022-08-03 23:08:13,829 - test - base_page.py,line 68 - INFO: 查找元素 by：id,locator:su
******2022-08-03 23:08:13,842 - test - base_page.py,line 79 - INFO: 点击元素
******2022-08-03 23:08:15,943 - test - base_page.py,line 114 - INFO: 查找全部相关元素 by：xpath locator://h3/a/em 第None个
******2022-08-03 23:08:16,226 - test - base_page.py,line 131 - INFO: 获取元素的文本属性列表
******2022-08-03 23:08:21,667 - test - base_page.py,line 68 - INFO: 查找元素 by：id,locator:kw
******2022-08-03 23:08:21,684 - test - base_page.py,line 87 - INFO: 输入 key： appium
******2022-08-03 23:08:22,030 - test - base_page.py,line 68 - INFO: 查找元素 by：id,locator:su
******2022-08-03 23:08:22,042 - test - base_page.py,line 79 - INFO: 点击元素
******2022-08-03 23:08:24,092 - test - base_page.py,line 114 - INFO: 查找全部相关元素 by：xpath locator://h3/a/em 第None个
******2022-08-03 23:08:24,103 - test - base_page.py,line 131 - INFO: 获取元素的文本属性列表
******2022-08-03 23:14:27,770 - test - base_page.py,line 68 - INFO: 查找元素 by：id,locator:kw
******2022-08-03 23:14:27,792 - test - base_page.py,line 87 - INFO: 输入 key： selenium
******2022-08-03 23:14:28,129 - test - base_page.py,line 68 - INFO: 查找元素 by：id,locator:su
******2022-08-03 23:14:28,151 - test - base_page.py,line 79 - INFO: 点击元素
******2022-08-03 23:14:30,237 - test - base_page.py,line 114 - INFO: 查找全部相关元素 by：xpath locator://h3/a/em 第None个
******2022-08-03 23:14:32,897 - test - base_page.py,line 131 - INFO: 获取元素的文本属性列表
******2022-08-03 23:14:33,090 - test - testcase_generate.py,line 53 - INFO: 测试用例 - test_search   当前参数：appium
******2022-08-03 23:14:35,894 - test - base_page.py,line 68 - INFO: 查找元素 by：id,locator:kw
******2022-08-03 23:14:35,915 - test - base_page.py,line 87 - INFO: 输入 key： appium
******2022-08-03 23:14:36,245 - test - base_page.py,line 68 - INFO: 查找元素 by：id,locator:su
******2022-08-03 23:14:36,257 - test - base_page.py,line 79 - INFO: 点击元素
******2022-08-03 23:14:38,305 - test - base_page.py,line 114 - INFO: 查找全部相关元素 by：xpath locator://h3/a/em 第None个
******2022-08-03 23:14:38,319 - test - base_page.py,line 131 - INFO: 获取元素的文本属性列表
******2022-08-03 23:16:29,968 - test - base_page.py,line 68 - INFO: 查找元素 by：id,locator:kw
******2022-08-03 23:16:30,165 - test - base_page.py,line 87 - INFO: 输入 key： selenium
******2022-08-03 23:16:30,617 - test - base_page.py,line 68 - INFO: 查找元素 by：id,locator:su
******2022-08-03 23:16:30,636 - test - base_page.py,line 79 - INFO: 点击元素
******2022-08-03 23:16:32,742 - test - base_page.py,line 114 - INFO: 查找全部相关元素 by：xpath locator://h3/a/em 第None个
******2022-08-03 23:16:33,126 - test - base_page.py,line 131 - INFO: 获取元素的文本属性列表
******2022-08-03 23:16:37,065 - test - testcase_generate.py,line 53 - INFO: 测试用例 - test_search   当前参数：appium
******2022-08-03 23:16:40,943 - test - base_page.py,line 68 - INFO: 查找元素 by：id,locator:kw
******2022-08-03 23:16:40,959 - test - base_page.py,line 87 - INFO: 输入 key： appium
******2022-08-03 23:16:41,274 - test - base_page.py,line 68 - INFO: 查找元素 by：id,locator:su
******2022-08-03 23:16:41,317 - test - base_page.py,line 79 - INFO: 点击元素
******2022-08-03 23:16:43,402 - test - base_page.py,line 114 - INFO: 查找全部相关元素 by：xpath locator://h3/a/em 第None个
******2022-08-03 23:16:43,416 - test - base_page.py,line 131 - INFO: 获取元素的文本属性列表
******2022-08-03 23:20:46,537 - test - base_page.py,line 68 - INFO: 查找元素 by：id,locator:kw
******2022-08-03 23:20:46,558 - test - base_page.py,line 87 - INFO: 输入 key： selenium
******2022-08-03 23:20:46,869 - test - base_page.py,line 68 - INFO: 查找元素 by：id,locator:su
******2022-08-03 23:20:46,921 - test - base_page.py,line 79 - INFO: 点击元素
******2022-08-03 23:20:49,011 - test - base_page.py,line 114 - INFO: 查找全部相关元素 by：xpath locator://h3/a/em 第None个
******2022-08-03 23:20:49,049 - test - base_page.py,line 131 - INFO: 获取元素的文本属性列表
******2022-08-03 23:20:49,242 - test - testcase_generate.py,line 53 - INFO: 测试用例 - test_search   当前参数：appium
******2022-08-03 23:20:52,181 - test - base_page.py,line 68 - INFO: 查找元素 by：id,locator:kw
******2022-08-03 23:20:52,198 - test - base_page.py,line 87 - INFO: 输入 key： appium
******2022-08-03 23:20:52,434 - test - base_page.py,line 68 - INFO: 查找元素 by：id,locator:su
******2022-08-03 23:20:52,474 - test - base_page.py,line 79 - INFO: 点击元素
******2022-08-03 23:20:54,638 - test - base_page.py,line 114 - INFO: 查找全部相关元素 by：xpath locator://h3/a/em 第None个
******2022-08-03 23:20:54,650 - test - base_page.py,line 131 - INFO: 获取元素的文本属性列表
